# JRE version: Java(TM) SE Runtime Environment (7.0_75-b13) (build 1.7.0_75-b13)
# Java VM: Java HotSpot(TM) Client VM (24.75-b04 mixed mode, sharing windows-x86 )
Heap
 def new generation   total 4928K, used 397K [0x24400000, 0x24950000, 0x29950000)
  eden space 4416K,   2% used [0x24400000, 0x2441dfa0, 0x24850000)
  from space 512K,  54% used [0x24850000, 0x248956f8, 0x248d0000)
  to   space 512K,   0% used [0x248d0000, 0x248d0000, 0x24950000)
 tenured generation   total 10944K, used 4107K [0x29950000, 0x2a400000, 0x34400000)
   the space 10944K,  37% used [0x29950000, 0x29d52c50, 0x29d52e00, 0x2a400000)
 compacting perm gen  total 12288K, used 3573K [0x34400000, 0x35000000, 0x38400000)
   the space 12288K,  29% used [0x34400000, 0x3477d770, 0x3477d800, 0x35000000)
    ro space 10240K,  44% used [0x38400000, 0x3887b880, 0x3887ba00, 0x38e00000)
    rw space 12288K,  52% used [0x38e00000, 0x39443888, 0x39443a00, 0x39a00000)
GC Heap History (10 events):
Event: 39.348 GC heap before
{Heap before GC invocations=27 (full 0):
 def new generation   total 4928K, used 4670K [0x24400000, 0x24950000, 0x29950000)
  eden space 4416K, 100% used [0x24400000, 0x24850000, 0x24850000)
  from space 512K,  49% used [0x248d0000, 0x2490fbb0, 0x24950000)
  to   space 512K,   0% used [0x24850000, 0x24850000, 0x248d0000)
 tenured generation   total 10944K, used 4008K [0x29950000, 0x2a400000, 0x34400000)
   the space 10944K,  36% used [0x29950000, 0x29d3a0e0, 0x29d3a200, 0x2a400000)
 compacting perm gen  total 12288K, used 3537K [0x34400000, 0x35000000, 0x38400000)
   the space 12288K,  28% used [0x34400000, 0x34774550, 0x34774600, 0x35000000)
    ro space 10240K,  44% used [0x38400000, 0x3887b880, 0x3887ba00, 0x38e00000)
    rw space 12288K,  52% used [0x38e00000, 0x39443888, 0x39443a00, 0x39a00000)
Event: 39.349 GC heap after
Heap after GC invocations=28 (full 0):
 def new generation   total 4928K, used 278K [0x24400000, 0x24950000, 0x29950000)
  eden space 4416K,   0% used [0x24400000, 0x24400000, 0x24850000)
  from space 512K,  54% used [0x24850000, 0x24895a68, 0x248d0000)
  to   space 512K,   0% used [0x248d0000, 0x248d0000, 0x24950000)
 tenured generation   total 10944K, used 4008K [0x29950000, 0x2a400000, 0x34400000)
   the space 10944K,  36% used [0x29950000, 0x29d3a0e0, 0x29d3a200, 0x2a400000)
 compacting perm gen  total 12288K, used 3537K [0x34400000, 0x35000000, 0x38400000)
   the space 12288K,  28% used [0x34400000, 0x34774550, 0x34774600, 0x35000000)
    ro space 10240K,  44% used [0x38400000, 0x3887b880, 0x3887ba00, 0x38e00000)
    rw space 12288K,  52% used [0x38e00000, 0x39443888, 0x39443a00, 0x39a00000)
}
Event: 40.225 GC heap before
{Heap before GC invocations=28 (full 0):
 def new generation   total 4928K, used 4694K [0x24400000, 0x24950000, 0x29950000)
  eden space 4416K, 100% used [0x24400000, 0x24850000, 0x24850000)
  from space 512K,  54% used [0x24850000, 0x24895a68, 0x248d0000)
  to   space 512K,   0% used [0x248d0000, 0x248d0000, 0x24950000)
 tenured generation   total 10944K, used 4008K [0x29950000, 0x2a400000, 0x34400000)
   the space 10944K,  36% used [0x29950000, 0x29d3a0e0, 0x29d3a200, 0x2a400000)
 compacting perm gen  total 12288K, used 3537K [0x34400000, 0x35000000, 0x38400000)
   the space 12288K,  28% used [0x34400000, 0x34774550, 0x34774600, 0x35000000)
    ro space 10240K,  44% used [0x38400000, 0x3887b880, 0x3887ba00, 0x38e00000)
    rw space 12288K,  52% used [0x38e00000, 0x39443888, 0x39443a00, 0x39a00000)
Event: 40.226 GC heap after
Heap after GC invocations=29 (full 0):
 def new generation   total 4928K, used 275K [0x24400000, 0x24950000, 0x29950000)
  eden space 4416K,   0% used [0x24400000, 0x24400000, 0x24850000)
  from space 512K,  53% used [0x248d0000, 0x24914d98, 0x24950000)
  to   space 512K,   0% used [0x24850000, 0x24850000, 0x248d0000)
 tenured generation   total 10944K, used 4045K [0x29950000, 0x2a400000, 0x34400000)
   the space 10944K,  36% used [0x29950000, 0x29d437b8, 0x29d43800, 0x2a400000)
 compacting perm gen  total 12288K, used 3537K [0x34400000, 0x35000000, 0x38400000)
   the space 12288K,  28% used [0x34400000, 0x34774550, 0x34774600, 0x35000000)
    ro space 10240K,  44% used [0x38400000, 0x3887b880, 0x3887ba00, 0x38e00000)
    rw space 12288K,  52% used [0x38e00000, 0x39443888, 0x39443a00, 0x39a00000)
}
Event: 43.317 GC heap before
{Heap before GC invocations=29 (full 0):
 def new generation   total 4928K, used 4691K [0x24400000, 0x24950000, 0x29950000)
  eden space 4416K, 100% used [0x24400000, 0x24850000, 0x24850000)
  from space 512K,  53% used [0x248d0000, 0x24914d98, 0x24950000)
  to   space 512K,   0% used [0x24850000, 0x24850000, 0x248d0000)
 tenured generation   total 10944K, used 4045K [0x29950000, 0x2a400000, 0x34400000)
   the space 10944K,  36% used [0x29950000, 0x29d437b8, 0x29d43800, 0x2a400000)
 compacting perm gen  total 12288K, used 3537K [0x34400000, 0x35000000, 0x38400000)
   the space 12288K,  28% used [0x34400000, 0x34774550, 0x34774600, 0x35000000)
    ro space 10240K,  44% used [0x38400000, 0x3887b880, 0x3887ba00, 0x38e00000)
    rw space 12288K,  52% used [0x38e00000, 0x39443888, 0x39443a00, 0x39a00000)
Event: 43.318 GC heap after
Heap after GC invocations=30 (full 0):
 def new generation   total 4928K, used 251K [0x24400000, 0x24950000, 0x29950000)
  eden space 4416K,   0% used [0x24400000, 0x24400000, 0x24850000)
  from space 512K,  49% used [0x24850000, 0x2488eff0, 0x248d0000)
  to   space 512K,   0% used [0x248d0000, 0x248d0000, 0x24950000)
 tenured generation   total 10944K, used 4080K [0x29950000, 0x2a400000, 0x34400000)
   the space 10944K,  37% used [0x29950000, 0x29d4c238, 0x29d4c400, 0x2a400000)
 compacting perm gen  total 12288K, used 3537K [0x34400000, 0x35000000, 0x38400000)
   the space 12288K,  28% used [0x34400000, 0x34774550, 0x34774600, 0x35000000)
    ro space 10240K,  44% used [0x38400000, 0x3887b880, 0x3887ba00, 0x38e00000)
    rw space 12288K,  52% used [0x38e00000, 0x39443888, 0x39443a00, 0x39a00000)
}
Event: 44.161 GC heap before
{Heap before GC invocations=30 (full 0):
 def new generation   total 4928K, used 4667K [0x24400000, 0x24950000, 0x29950000)
  eden space 4416K, 100% used [0x24400000, 0x24850000, 0x24850000)
  from space 512K,  49% used [0x24850000, 0x2488eff0, 0x248d0000)
  to   space 512K,   0% used [0x248d0000, 0x248d0000, 0x24950000)
 tenured generation   total 10944K, used 4080K [0x29950000, 0x2a400000, 0x34400000)
   the space 10944K,  37% used [0x29950000, 0x29d4c238, 0x29d4c400, 0x2a400000)
 compacting perm gen  total 12288K, used 3537K [0x34400000, 0x35000000, 0x38400000)
   the space 12288K,  28% used [0x34400000, 0x34774550, 0x34774600, 0x35000000)
    ro space 10240K,  44% used [0x38400000, 0x3887b880, 0x3887ba00, 0x38e00000)
    rw space 12288K,  52% used [0x38e00000, 0x39443888, 0x39443a00, 0x39a00000)
Event: 44.162 GC heap after
Heap after GC invocations=31 (full 0):
 def new generation   total 4928K, used 269K [0x24400000, 0x24950000, 0x29950000)
  eden space 4416K,   0% used [0x24400000, 0x24400000, 0x24850000)
  from space 512K,  52% used [0x248d0000, 0x249137e0, 0x24950000)
  to   space 512K,   0% used [0x24850000, 0x24850000, 0x248d0000)
 tenured generation   total 10944K, used 4080K [0x29950000, 0x2a400000, 0x34400000)
   the space 10944K,  37% used [0x29950000, 0x29d4c238, 0x29d4c400, 0x2a400000)
 compacting perm gen  total 12288K, used 3537K [0x34400000, 0x35000000, 0x38400000)
   the space 12288K,  28% used [0x34400000, 0x34774550, 0x34774600, 0x35000000)
    ro space 10240K,  44% used [0x38400000, 0x3887b880, 0x3887ba00, 0x38e00000)
    rw space 12288K,  52% used [0x38e00000, 0x39443888, 0x39443a00, 0x39a00000)
}
Event: 46.455 GC heap before
{Heap before GC invocations=31 (full 0):
 def new generation   total 4928K, used 4685K [0x24400000, 0x24950000, 0x29950000)
  eden space 4416K, 100% used [0x24400000, 0x24850000, 0x24850000)
  from space 512K,  52% used [0x248d0000, 0x249137e0, 0x24950000)
  to   space 512K,   0% used [0x24850000, 0x24850000, 0x248d0000)
 tenured generation   total 10944K, used 4080K [0x29950000, 0x2a400000, 0x34400000)
   the space 10944K,  37% used [0x29950000, 0x29d4c238, 0x29d4c400, 0x2a400000)
 compacting perm gen  total 12288K, used 3573K [0x34400000, 0x35000000, 0x38400000)
   the space 12288K,  29% used [0x34400000, 0x3477d770, 0x3477d800, 0x35000000)
    ro space 10240K,  44% used [0x38400000, 0x3887b880, 0x3887ba00, 0x38e00000)
    rw space 12288K,  52% used [0x38e00000, 0x39443888, 0x39443a00, 0x39a00000)
Event: 46.457 GC heap after
Heap after GC invocations=32 (full 0):
 def new generation   total 4928K, used 277K [0x24400000, 0x24950000, 0x29950000)
  eden space 4416K,   0% used [0x24400000, 0x24400000, 0x24850000)
  from space 512K,  54% used [0x24850000, 0x248956f8, 0x248d0000)
  to   space 512K,   0% used [0x248d0000, 0x248d0000, 0x24950000)
 tenured generation   total 10944K, used 4107K [0x29950000, 0x2a400000, 0x34400000)
   the space 10944K,  37% used [0x29950000, 0x29d52c50, 0x29d52e00, 0x2a400000)
 compacting perm gen  total 12288K, used 3573K [0x34400000, 0x35000000, 0x38400000)
   the space 12288K,  29% used [0x34400000, 0x3477d770, 0x3477d800, 0x35000000)
    ro space 10240K,  44% used [0x38400000, 0x3887b880, 0x3887ba00, 0x38e00000)
    rw space 12288K,  52% used [0x38e00000, 0x39443888, 0x39443a00, 0x39a00000)
}

