# JRE version: Java(TM) SE Runtime Environment (7.0_75-b13) (build 1.7.0_75-b13)
# Java VM: Java HotSpot(TM) Client VM (24.75-b04 mixed mode, sharing windows-x86 )
Heap
 def new generation   total 4928K, used 1191K [0x24400000, 0x24950000, 0x29950000)
  eden space 4416K,  21% used [0x24400000, 0x244ea948, 0x24850000)
  from space 512K,  49% used [0x24850000, 0x2488f4b8, 0x248d0000)
  to   space 512K,   0% used [0x248d0000, 0x248d0000, 0x24950000)
 tenured generation   total 10944K, used 4022K [0x29950000, 0x2a400000, 0x34400000)
   the space 10944K,  36% used [0x29950000, 0x29d3d880, 0x29d3da00, 0x2a400000)
 compacting perm gen  total 12288K, used 3556K [0x34400000, 0x35000000, 0x38400000)
   the space 12288K,  28% used [0x34400000, 0x34779300, 0x34779400, 0x35000000)
    ro space 10240K,  44% used [0x38400000, 0x3887b880, 0x3887ba00, 0x38e00000)
    rw space 12288K,  52% used [0x38e00000, 0x39443888, 0x39443a00, 0x39a00000)
GC Heap History (10 events):
Event: 20.745 GC heap before
{Heap before GC invocations=23 (full 0):
 def new generation   total 4928K, used 4709K [0x24400000, 0x24950000, 0x29950000)
  eden space 4416K, 100% used [0x24400000, 0x24850000, 0x24850000)
  from space 512K,  57% used [0x248d0000, 0x24919610, 0x24950000)
  to   space 512K,   0% used [0x24850000, 0x24850000, 0x248d0000)
 tenured generation   total 10944K, used 3870K [0x29950000, 0x2a400000, 0x34400000)
   the space 10944K,  35% used [0x29950000, 0x29d17838, 0x29d17a00, 0x2a400000)
 compacting perm gen  total 12288K, used 3520K [0x34400000, 0x35000000, 0x38400000)
   the space 12288K,  28% used [0x34400000, 0x347700e0, 0x34770200, 0x35000000)
    ro space 10240K,  44% used [0x38400000, 0x3887b880, 0x3887ba00, 0x38e00000)
    rw space 12288K,  52% used [0x38e00000, 0x39443888, 0x39443a00, 0x39a00000)
Event: 20.746 GC heap after
Heap after GC invocations=24 (full 0):
 def new generation   total 4928K, used 288K [0x24400000, 0x24950000, 0x29950000)
  eden space 4416K,   0% used [0x24400000, 0x24400000, 0x24850000)
  from space 512K,  56% used [0x24850000, 0x24898090, 0x248d0000)
  to   space 512K,   0% used [0x248d0000, 0x248d0000, 0x24950000)
 tenured generation   total 10944K, used 3920K [0x29950000, 0x2a400000, 0x34400000)
   the space 10944K,  35% used [0x29950000, 0x29d24280, 0x29d24400, 0x2a400000)
 compacting perm gen  total 12288K, used 3520K [0x34400000, 0x35000000, 0x38400000)
   the space 12288K,  28% used [0x34400000, 0x347700e0, 0x34770200, 0x35000000)
    ro space 10240K,  44% used [0x38400000, 0x3887b880, 0x3887ba00, 0x38e00000)
    rw space 12288K,  52% used [0x38e00000, 0x39443888, 0x39443a00, 0x39a00000)
}
Event: 22.279 GC heap before
{Heap before GC invocations=24 (full 0):
 def new generation   total 4928K, used 4704K [0x24400000, 0x24950000, 0x29950000)
  eden space 4416K, 100% used [0x24400000, 0x24850000, 0x24850000)
  from space 512K,  56% used [0x24850000, 0x24898090, 0x248d0000)
  to   space 512K,   0% used [0x248d0000, 0x248d0000, 0x24950000)
 tenured generation   total 10944K, used 3920K [0x29950000, 0x2a400000, 0x34400000)
   the space 10944K,  35% used [0x29950000, 0x29d24280, 0x29d24400, 0x2a400000)
 compacting perm gen  total 12288K, used 3520K [0x34400000, 0x35000000, 0x38400000)
   the space 12288K,  28% used [0x34400000, 0x347700e0, 0x34770200, 0x35000000)
    ro space 10240K,  44% used [0x38400000, 0x3887b880, 0x3887ba00, 0x38e00000)
    rw space 12288K,  52% used [0x38e00000, 0x39443888, 0x39443a00, 0x39a00000)
Event: 22.280 GC heap after
Heap after GC invocations=25 (full 0):
 def new generation   total 4928K, used 252K [0x24400000, 0x24950000, 0x29950000)
  eden space 4416K,   0% used [0x24400000, 0x24400000, 0x24850000)
  from space 512K,  49% used [0x248d0000, 0x2490f008, 0x24950000)
  to   space 512K,   0% used [0x24850000, 0x24850000, 0x248d0000)
 tenured generation   total 10944K, used 3956K [0x29950000, 0x2a400000, 0x34400000)
   the space 10944K,  36% used [0x29950000, 0x29d2d398, 0x29d2d400, 0x2a400000)
 compacting perm gen  total 12288K, used 3520K [0x34400000, 0x35000000, 0x38400000)
   the space 12288K,  28% used [0x34400000, 0x347700e0, 0x34770200, 0x35000000)
    ro space 10240K,  44% used [0x38400000, 0x3887b880, 0x3887ba00, 0x38e00000)
    rw space 12288K,  52% used [0x38e00000, 0x39443888, 0x39443a00, 0x39a00000)
}
Event: 23.059 GC heap before
{Heap before GC invocations=25 (full 0):
 def new generation   total 4928K, used 4668K [0x24400000, 0x24950000, 0x29950000)
  eden space 4416K, 100% used [0x24400000, 0x24850000, 0x24850000)
  from space 512K,  49% used [0x248d0000, 0x2490f008, 0x24950000)
  to   space 512K,   0% used [0x24850000, 0x24850000, 0x248d0000)
 tenured generation   total 10944K, used 3956K [0x29950000, 0x2a400000, 0x34400000)
   the space 10944K,  36% used [0x29950000, 0x29d2d398, 0x29d2d400, 0x2a400000)
 compacting perm gen  total 12288K, used 3520K [0x34400000, 0x35000000, 0x38400000)
   the space 12288K,  28% used [0x34400000, 0x347700e0, 0x34770200, 0x35000000)
    ro space 10240K,  44% used [0x38400000, 0x3887b880, 0x3887ba00, 0x38e00000)
    rw space 12288K,  52% used [0x38e00000, 0x39443888, 0x39443a00, 0x39a00000)
Event: 23.060 GC heap after
Heap after GC invocations=26 (full 0):
 def new generation   total 4928K, used 287K [0x24400000, 0x24950000, 0x29950000)
  eden space 4416K,   0% used [0x24400000, 0x24400000, 0x24850000)
  from space 512K,  56% used [0x24850000, 0x24897fe0, 0x248d0000)
  to   space 512K,   0% used [0x248d0000, 0x248d0000, 0x24950000)
 tenured generation   total 10944K, used 3956K [0x29950000, 0x2a400000, 0x34400000)
   the space 10944K,  36% used [0x29950000, 0x29d2d398, 0x29d2d400, 0x2a400000)
 compacting perm gen  total 12288K, used 3520K [0x34400000, 0x35000000, 0x38400000)
   the space 12288K,  28% used [0x34400000, 0x347700e0, 0x34770200, 0x35000000)
    ro space 10240K,  44% used [0x38400000, 0x3887b880, 0x3887ba00, 0x38e00000)
    rw space 12288K,  52% used [0x38e00000, 0x39443888, 0x39443a00, 0x39a00000)
}
Event: 24.596 GC heap before
{Heap before GC invocations=26 (full 0):
 def new generation   total 4928K, used 4703K [0x24400000, 0x24950000, 0x29950000)
  eden space 4416K, 100% used [0x24400000, 0x24850000, 0x24850000)
  from space 512K,  56% used [0x24850000, 0x24897fe0, 0x248d0000)
  to   space 512K,   0% used [0x248d0000, 0x248d0000, 0x24950000)
 tenured generation   total 10944K, used 3956K [0x29950000, 0x2a400000, 0x34400000)
   the space 10944K,  36% used [0x29950000, 0x29d2d398, 0x29d2d400, 0x2a400000)
 compacting perm gen  total 12288K, used 3520K [0x34400000, 0x35000000, 0x38400000)
   the space 12288K,  28% used [0x34400000, 0x347700e0, 0x34770200, 0x35000000)
    ro space 10240K,  44% used [0x38400000, 0x3887b880, 0x3887ba00, 0x38e00000)
    rw space 12288K,  52% used [0x38e00000, 0x39443888, 0x39443a00, 0x39a00000)
Event: 24.597 GC heap after
Heap after GC invocations=27 (full 0):
 def new generation   total 4928K, used 283K [0x24400000, 0x24950000, 0x29950000)
  eden space 4416K,   0% used [0x24400000, 0x24400000, 0x24850000)
  from space 512K,  55% used [0x248d0000, 0x24916f48, 0x24950000)
  to   space 512K,   0% used [0x24850000, 0x24850000, 0x248d0000)
 tenured generation   total 10944K, used 3990K [0x29950000, 0x2a400000, 0x34400000)
   the space 10944K,  36% used [0x29950000, 0x29d35b78, 0x29d35c00, 0x2a400000)
 compacting perm gen  total 12288K, used 3520K [0x34400000, 0x35000000, 0x38400000)
   the space 12288K,  28% used [0x34400000, 0x347700e0, 0x34770200, 0x35000000)
    ro space 10240K,  44% used [0x38400000, 0x3887b880, 0x3887ba00, 0x38e00000)
    rw space 12288K,  52% used [0x38e00000, 0x39443888, 0x39443a00, 0x39a00000)
}
Event: 25.808 GC heap before
{Heap before GC invocations=27 (full 0):
 def new generation   total 4928K, used 4699K [0x24400000, 0x24950000, 0x29950000)
  eden space 4416K, 100% used [0x24400000, 0x24850000, 0x24850000)
  from space 512K,  55% used [0x248d0000, 0x24916f48, 0x24950000)
  to   space 512K,   0% used [0x24850000, 0x24850000, 0x248d0000)
 tenured generation   total 10944K, used 3990K [0x29950000, 0x2a400000, 0x34400000)
   the space 10944K,  36% used [0x29950000, 0x29d35b78, 0x29d35c00, 0x2a400000)
 compacting perm gen  total 12288K, used 3520K [0x34400000, 0x35000000, 0x38400000)
   the space 12288K,  28% used [0x34400000, 0x347700e0, 0x34770200, 0x35000000)
    ro space 10240K,  44% used [0x38400000, 0x3887b880, 0x3887ba00, 0x38e00000)
    rw space 12288K,  52% used [0x38e00000, 0x39443888, 0x39443a00, 0x39a00000)
Event: 25.809 GC heap after
Heap after GC invocations=28 (full 0):
 def new generation   total 4928K, used 253K [0x24400000, 0x24950000, 0x29950000)
  eden space 4416K,   0% used [0x24400000, 0x24400000, 0x24850000)
  from space 512K,  49% used [0x24850000, 0x2488f4b8, 0x248d0000)
  to   space 512K,   0% used [0x248d0000, 0x248d0000, 0x24950000)
 tenured generation   total 10944K, used 4022K [0x29950000, 0x2a400000, 0x34400000)
   the space 10944K,  36% used [0x29950000, 0x29d3d880, 0x29d3da00, 0x2a400000)
 compacting perm gen  total 12288K, used 3520K [0x34400000, 0x35000000, 0x38400000)
   the space 12288K,  28% used [0x34400000, 0x347700e0, 0x34770200, 0x35000000)
    ro space 10240K,  44% used [0x38400000, 0x3887b880, 0x3887ba00, 0x38e00000)
    rw space 12288K,  52% used [0x38e00000, 0x39443888, 0x39443a00, 0x39a00000)
}

